\BOOKMARK [0][-]{chapter.1}{\376\377\000S\000o\000m\000m\000a\000r\000i\000o\000\040\000d\000e\000i\000\040\000d\000a\000t\000i\000\040\000u\000t\000i\000l\000i\000z\000z\000a\000t\000i}{}% 1
\BOOKMARK [1][-]{section.1.1}{\376\377\000T\000i\000t\000o\000l\000i}{chapter.1}% 2
\BOOKMARK [1][-]{section.1.2}{\376\377\000S\000c\000a\000r\000i\000c\000a\000r\000e\000\040\000i\000\040\000d\000a\000t\000i}{chapter.1}% 3
\BOOKMARK [1][-]{section.1.3}{\376\377\000F\000u\000s\000i\000o\000n\000e\000\040\000d\000e\000i\000\040\000d\000a\000t\000i}{chapter.1}% 4
\BOOKMARK [1][-]{section.1.4}{\376\377\000P\000r\000e\000s\000e\000n\000t\000a\000z\000i\000o\000n\000e\000\040\000d\000e\000i\000\040\000d\000a\000t\000i}{chapter.1}% 5
\BOOKMARK [0][-]{chapter.2}{\376\377\000S\000t\000a\000t\000i\000s\000t\000i\000c\000h\000e\000\040\000d\000e\000s\000c\000r\000i\000t\000t\000i\000v\000e}{}% 6
\BOOKMARK [1][-]{section.2.1}{\376\377\000R\000e\000n\000d\000i\000m\000e\000n\000t\000i\000\040\000a\000n\000n\000a\000u\000l\000i}{chapter.2}% 7
\BOOKMARK [1][-]{section.2.2}{\376\377\000R\000e\000n\000d\000i\000m\000e\000n\000t\000i\000\040\000s\000e\000m\000p\000l\000i\000c\000i\000\040\000e\000\040\000l\000o\000g\000a\000r\000i\000t\000m\000i\000c\000i}{chapter.2}% 8
\BOOKMARK [1][-]{section.2.3}{\376\377\000R\000e\000n\000d\000i\000m\000e\000n\000t\000i\000\040\000c\000o\000n\000\040\000i\000s\000t\000o\000g\000r\000a\000m\000m\000i}{chapter.2}% 9
\BOOKMARK [1][-]{section.2.4}{\376\377\000G\000r\000a\000f\000i\000c\000i\000\040\000d\000i\000a\000g\000n\000o\000s\000t\000i\000c\000i}{chapter.2}% 10
\BOOKMARK [2][-]{subsection.2.4.1}{\376\377\000N\000F\000L\000X}{section.2.4}% 11
\BOOKMARK [2][-]{subsection.2.4.2}{\376\377\000M\000E\000T\000A}{section.2.4}% 12
\BOOKMARK [2][-]{subsection.2.4.3}{\376\377\000G\000S}{section.2.4}% 13
\BOOKMARK [2][-]{subsection.2.4.4}{\376\377\000C}{section.2.4}% 14
\BOOKMARK [2][-]{subsection.2.4.5}{\376\377\000K\000O}{section.2.4}% 15
\BOOKMARK [2][-]{subsection.2.4.6}{\376\377\000P\000E\000P}{section.2.4}% 16
\BOOKMARK [1][-]{section.2.5}{\376\377\000S\000t\000a\000t\000i\000s\000t\000i\000c\000h\000e\000\040\000d\000e\000s\000c\000r\000i\000t\000t\000i\000v\000e\000\040\000u\000n\000i\000v\000a\000r\000i\000a\000t\000e}{chapter.2}% 17
\BOOKMARK [1][-]{section.2.6}{\376\377\000V\000a\000r\000i\000a\000n\000z\000a\000\040\000e\000\040\000c\000o\000v\000a\000r\000i\000a\000n\000z\000a}{chapter.2}% 18
\BOOKMARK [0][-]{chapter.3}{\376\377\000A\000n\000a\000l\000i\000s\000i\000\040\000d\000i\000\040\000p\000r\000e\000v\000i\000s\000i\000o\000n\000e}{}% 19
\BOOKMARK [0][-]{chapter.4}{\376\377\000S\000t\000r\000a\000t\000e\000g\000i\000a\000\040\000d\000i\000\040\000t\000r\000a\000d\000i\000n\000g\000\040\000e\000\040\000b\000a\000c\000k\000t\000e\000s\000t\000i\000n\000g}{}% 20
\BOOKMARK [1][-]{section.4.1}{\376\377\000C\000o\000s\000t\000r\000u\000z\000i\000o\000n\000e\000\040\000d\000e\000l\000l\000a\000\040\000s\000t\000r\000a\000t\000e\000g\000i\000a}{chapter.4}% 21
\BOOKMARK [1][-]{section.4.2}{\376\377\000M\000i\000s\000u\000r\000a\000z\000i\000o\000n\000e\000\040\000e\000f\000f\000i\000c\000i\000e\000n\000z\000a\000\040\000d\000e\000l\000l\000a\000\040\000s\000t\000r\000a\000t\000e\000g\000i\000a}{chapter.4}% 22
\BOOKMARK [0][-]{chapter.5}{\376\377\000C\000a\000p\000i\000t\000a\000l\000\040\000A\000s\000s\000e\000t\000\040\000P\000r\000i\000c\000i\000n\000g\000\040\000M\000o\000d\000e\000l}{}% 23
\BOOKMARK [1][-]{section.5.1}{\376\377\000F\000a\000t\000t\000o\000r\000i\000\040\000d\000i\000\040\000r\000i\000s\000c\000h\000i\000o\000\040\000F\000a\000m\000a\000\040\000F\000r\000e\000n\000c\000h}{chapter.5}% 24
\BOOKMARK [2][-]{subsection.5.1.1}{\376\377\000N\000F\000L\000X\000\040\000F\000a\000m\000a\000-\000F\000r\000e\000n\000c\000h}{section.5.1}% 25
\BOOKMARK [2][-]{subsection.5.1.2}{\376\377\000M\000E\000T\000A\000\040\000F\000a\000m\000a\000-\000F\000r\000e\000n\000c\000h}{section.5.1}% 26
\BOOKMARK [2][-]{subsection.5.1.3}{\376\377\000G\000S\000\040\000F\000a\000m\000a\000-\000F\000r\000e\000n\000c\000h}{section.5.1}% 27
\BOOKMARK [2][-]{subsection.5.1.4}{\376\377\000C\000\040\000F\000a\000m\000a\000-\000F\000r\000e\000n\000c\000h}{section.5.1}% 28
\BOOKMARK [2][-]{subsection.5.1.5}{\376\377\000K\000O\000\040\000F\000a\000m\000a\000-\000F\000r\000e\000n\000c\000h}{section.5.1}% 29
\BOOKMARK [2][-]{subsection.5.1.6}{\376\377\000P\000E\000P\000\040\000F\000a\000m\000a\000-\000F\000r\000e\000n\000c\000h}{section.5.1}% 30
\BOOKMARK [0][-]{chapter.6}{\376\377\000C\000r\000e\000a\000z\000i\000o\000n\000e\000\040\000d\000i\000\040\000u\000n\000\040\000p\000o\000r\000t\000a\000f\000o\000g\000l\000i\000o}{}% 31
\BOOKMARK [0][-]{chapter.7}{\376\377\000C\000o\000n\000c\000l\000u\000s\000i\000o\000n\000i}{}% 32
